
2017-10-06 04:53:49 Commons Daemon procrun stderr initialized
06-Oct-2017 04:54:16.362 WARNING [main] org.apache.catalina.startup.SetAllPropertiesRule.begin [SetAllPropertiesRule]{Server/Service/Connector} Setting property 'SSLEngine' to 'on' did not find a matching property.
06-Oct-2017 04:54:16.706 WARNING [main] org.apache.catalina.startup.SetAllPropertiesRule.begin [SetAllPropertiesRule]{Server/Service/Connector} Setting property 'SSLPassword' to 'changeit' did not find a matching property.
06-Oct-2017 04:54:17.363 INFO [main] org.apache.catalina.startup.VersionLoggerListener.log Server version:        Apache Tomcat/8.0.39
06-Oct-2017 04:54:17.363 INFO [main] org.apache.catalina.startup.VersionLoggerListener.log Server built:          Nov 9 2016 08:48:39 UTC
06-Oct-2017 04:54:17.363 INFO [main] org.apache.catalina.startup.VersionLoggerListener.log Server number:         8.0.39.0
06-Oct-2017 04:54:17.363 INFO [main] org.apache.catalina.startup.VersionLoggerListener.log OS Name:               Windows NT (unknown)
06-Oct-2017 04:54:17.363 INFO [main] org.apache.catalina.startup.VersionLoggerListener.log OS Version:            10.0
06-Oct-2017 04:54:17.363 INFO [main] org.apache.catalina.startup.VersionLoggerListener.log Architecture:          amd64
06-Oct-2017 04:54:17.363 INFO [main] org.apache.catalina.startup.VersionLoggerListener.log Java Home:             C:\Program Files\Java\jdk1.8.0_91\jre
06-Oct-2017 04:54:17.363 INFO [main] org.apache.catalina.startup.VersionLoggerListener.log JVM Version:           1.8.0_91-b14
06-Oct-2017 04:54:17.379 INFO [main] org.apache.catalina.startup.VersionLoggerListener.log JVM Vendor:            Oracle Corporation
06-Oct-2017 04:54:17.379 INFO [main] org.apache.catalina.startup.VersionLoggerListener.log CATALINA_BASE:         C:\tomcat\apache-tomcat-8.0.39\CAMBroker
06-Oct-2017 04:54:17.379 INFO [main] org.apache.catalina.startup.VersionLoggerListener.log CATALINA_HOME:         C:\tomcat\apache-tomcat-8.0.39
06-Oct-2017 04:54:17.379 INFO [main] org.apache.catalina.startup.VersionLoggerListener.log Command line argument: -Dcatalina.home=C:\tomcat\apache-tomcat-8.0.39
06-Oct-2017 04:54:17.379 INFO [main] org.apache.catalina.startup.VersionLoggerListener.log Command line argument: -Dcatalina.base=C:\tomcat\apache-tomcat-8.0.39\CAMBroker
06-Oct-2017 04:54:17.379 INFO [main] org.apache.catalina.startup.VersionLoggerListener.log Command line argument: -Djava.endorsed.dirs=C:\tomcat\apache-tomcat-8.0.39\endorsed
06-Oct-2017 04:54:17.379 INFO [main] org.apache.catalina.startup.VersionLoggerListener.log Command line argument: -Djava.io.tmpdir=C:\tomcat\apache-tomcat-8.0.39\CAMBroker\temp
06-Oct-2017 04:54:17.379 INFO [main] org.apache.catalina.startup.VersionLoggerListener.log Command line argument: -Djava.util.logging.manager=org.apache.juli.ClassLoaderLogManager
06-Oct-2017 04:54:17.379 INFO [main] org.apache.catalina.startup.VersionLoggerListener.log Command line argument: -Djava.util.logging.config.file=C:\tomcat\apache-tomcat-8.0.39\CAMBroker\conf\logging.properties
06-Oct-2017 04:54:17.379 INFO [main] org.apache.catalina.startup.VersionLoggerListener.log Command line argument: exit
06-Oct-2017 04:54:17.379 INFO [main] org.apache.catalina.startup.VersionLoggerListener.log Command line argument: -Xms128m
06-Oct-2017 04:54:17.379 INFO [main] org.apache.catalina.startup.VersionLoggerListener.log Command line argument: -Xmx256m
06-Oct-2017 04:54:17.379 INFO [main] org.apache.catalina.core.AprLifecycleListener.lifecycleEvent Loaded APR based Apache Tomcat Native library 1.2.10 using APR version 1.5.2.
06-Oct-2017 04:54:17.379 INFO [main] org.apache.catalina.core.AprLifecycleListener.lifecycleEvent APR capabilities: IPv6 [true], sendfile [true], accept filters [false], random [true].
06-Oct-2017 04:54:18.672 INFO [main] org.apache.catalina.core.AprLifecycleListener.initializeSSL OpenSSL successfully initialized (OpenSSL 1.0.2j  26 Sep 2016)
06-Oct-2017 04:54:47.455 INFO [main] org.apache.coyote.AbstractProtocol.init Initializing ProtocolHandler ["http-nio-8444"]
06-Oct-2017 04:54:54.264 INFO [main] org.apache.tomcat.util.net.NioSelectorPool.getSharedSelector Using a shared selector for servlet write/read
06-Oct-2017 04:54:54.264 INFO [main] org.apache.catalina.startup.Catalina.load Initialization processed in 49706 ms
06-Oct-2017 04:54:55.330 INFO [main] org.apache.catalina.core.StandardService.startInternal Starting service Catalina
06-Oct-2017 04:54:55.330 INFO [main] org.apache.catalina.core.StandardEngine.startInternal Starting Servlet Engine: Apache Tomcat/8.0.39
06-Oct-2017 04:54:55.655 INFO [localhost-startStop-1] org.apache.catalina.startup.HostConfig.deployWAR Deploying web application archive C:\tomcat\apache-tomcat-8.0.39\CAMBroker\webapps\pcoip-broker.war
06-Oct-2017 04:56:31.298 INFO [localhost-startStop-1] org.apache.jasper.servlet.TldScanner.scanJars At least one JAR was scanned for TLDs yet contained no TLDs. Enable debug logging for this logger for a complete list of JARs that were scanned but no TLDs were found in them. Skipping unneeded JARs during scanning can improve startup time and JSP compilation time.
06-Oct-2017 04:56:59.852 INFO [localhost-startStop-1] org.apache.catalina.startup.HostConfig.deployWAR Deployment of web application archive C:\tomcat\apache-tomcat-8.0.39\CAMBroker\webapps\pcoip-broker.war has finished in 124,197 ms
06-Oct-2017 04:56:59.852 INFO [localhost-startStop-1] org.apache.catalina.startup.HostConfig.deployDirectory Deploying web application directory C:\tomcat\apache-tomcat-8.0.39\CAMBroker\webapps\docs
06-Oct-2017 04:57:04.397 INFO [localhost-startStop-1] org.apache.catalina.startup.HostConfig.deployDirectory Deployment of web application directory C:\tomcat\apache-tomcat-8.0.39\CAMBroker\webapps\docs has finished in 4,545 ms
06-Oct-2017 04:57:04.397 INFO [localhost-startStop-1] org.apache.catalina.startup.HostConfig.deployDirectory Deploying web application directory C:\tomcat\apache-tomcat-8.0.39\CAMBroker\webapps\examples
06-Oct-2017 04:57:56.463 INFO [localhost-startStop-1] org.apache.catalina.startup.HostConfig.deployDirectory Deployment of web application directory C:\tomcat\apache-tomcat-8.0.39\CAMBroker\webapps\examples has finished in 52,066 ms
06-Oct-2017 04:57:56.463 INFO [localhost-startStop-1] org.apache.catalina.startup.HostConfig.deployDirectory Deploying web application directory C:\tomcat\apache-tomcat-8.0.39\CAMBroker\webapps\host-manager
06-Oct-2017 04:57:57.260 INFO [localhost-startStop-1] org.apache.catalina.startup.HostConfig.deployDirectory Deployment of web application directory C:\tomcat\apache-tomcat-8.0.39\CAMBroker\webapps\host-manager has finished in 797 ms
06-Oct-2017 04:57:57.260 INFO [localhost-startStop-1] org.apache.catalina.startup.HostConfig.deployDirectory Deploying web application directory C:\tomcat\apache-tomcat-8.0.39\CAMBroker\webapps\manager
06-Oct-2017 04:57:57.433 INFO [localhost-startStop-1] org.apache.catalina.startup.HostConfig.deployDirectory Deployment of web application directory C:\tomcat\apache-tomcat-8.0.39\CAMBroker\webapps\manager has finished in 173 ms
06-Oct-2017 04:57:57.433 INFO [localhost-startStop-1] org.apache.catalina.startup.HostConfig.deployDirectory Deploying web application directory C:\tomcat\apache-tomcat-8.0.39\CAMBroker\webapps\ROOT
06-Oct-2017 04:57:57.888 INFO [localhost-startStop-1] org.apache.catalina.startup.HostConfig.deployDirectory Deployment of web application directory C:\tomcat\apache-tomcat-8.0.39\CAMBroker\webapps\ROOT has finished in 455 ms
06-Oct-2017 04:57:58.026 INFO [main] org.apache.coyote.AbstractProtocol.start Starting ProtocolHandler ["http-nio-8444"]
06-Oct-2017 04:57:58.026 INFO [main] org.apache.catalina.startup.Catalina.start Server startup in 183786 ms
06-Oct-2017 11:08:07.245 INFO [Thread-5] org.apache.coyote.AbstractProtocol.pause Pausing ProtocolHandler ["http-nio-8444"]
06-Oct-2017 11:08:07.278 INFO [Thread-5] org.apache.catalina.core.StandardService.stopInternal Stopping service Catalina
06-Oct-2017 11:08:12.830 INFO [Thread-5] org.apache.coyote.AbstractProtocol.stop Stopping ProtocolHandler ["http-nio-8444"]

2017-10-06 11:08:56 Commons Daemon procrun stderr initialized
06-Oct-2017 11:09:01.610 WARNING [main] org.apache.catalina.startup.SetAllPropertiesRule.begin [SetAllPropertiesRule]{Server/Service/Connector} Setting property 'SSLEngine' to 'on' did not find a matching property.
06-Oct-2017 11:09:01.626 WARNING [main] org.apache.catalina.startup.SetAllPropertiesRule.begin [SetAllPropertiesRule]{Server/Service/Connector} Setting property 'SSLPassword' to 'changeit' did not find a matching property.
06-Oct-2017 11:09:01.782 INFO [main] org.apache.catalina.startup.VersionLoggerListener.log Server version:        Apache Tomcat/8.0.39
06-Oct-2017 11:09:01.782 INFO [main] org.apache.catalina.startup.VersionLoggerListener.log Server built:          Nov 9 2016 08:48:39 UTC
06-Oct-2017 11:09:01.782 INFO [main] org.apache.catalina.startup.VersionLoggerListener.log Server number:         8.0.39.0
06-Oct-2017 11:09:01.799 INFO [main] org.apache.catalina.startup.VersionLoggerListener.log OS Name:               Windows NT (unknown)
06-Oct-2017 11:09:01.799 INFO [main] org.apache.catalina.startup.VersionLoggerListener.log OS Version:            10.0
06-Oct-2017 11:09:01.799 INFO [main] org.apache.catalina.startup.VersionLoggerListener.log Architecture:          amd64
06-Oct-2017 11:09:01.799 INFO [main] org.apache.catalina.startup.VersionLoggerListener.log Java Home:             C:\Program Files\Java\jdk1.8.0_91\jre
06-Oct-2017 11:09:01.799 INFO [main] org.apache.catalina.startup.VersionLoggerListener.log JVM Version:           1.8.0_91-b14
06-Oct-2017 11:09:01.799 INFO [main] org.apache.catalina.startup.VersionLoggerListener.log JVM Vendor:            Oracle Corporation
06-Oct-2017 11:09:01.799 INFO [main] org.apache.catalina.startup.VersionLoggerListener.log CATALINA_BASE:         C:\tomcat\apache-tomcat-8.0.39\CAMBroker
06-Oct-2017 11:09:01.799 INFO [main] org.apache.catalina.startup.VersionLoggerListener.log CATALINA_HOME:         C:\tomcat\apache-tomcat-8.0.39
06-Oct-2017 11:09:01.799 INFO [main] org.apache.catalina.startup.VersionLoggerListener.log Command line argument: -Dcatalina.home=C:\tomcat\apache-tomcat-8.0.39
06-Oct-2017 11:09:01.799 INFO [main] org.apache.catalina.startup.VersionLoggerListener.log Command line argument: -Dcatalina.base=C:\tomcat\apache-tomcat-8.0.39\CAMBroker
06-Oct-2017 11:09:01.799 INFO [main] org.apache.catalina.startup.VersionLoggerListener.log Command line argument: -Djava.endorsed.dirs=C:\tomcat\apache-tomcat-8.0.39\endorsed
06-Oct-2017 11:09:01.799 INFO [main] org.apache.catalina.startup.VersionLoggerListener.log Command line argument: -Djava.io.tmpdir=C:\tomcat\apache-tomcat-8.0.39\CAMBroker\temp
06-Oct-2017 11:09:01.799 INFO [main] org.apache.catalina.startup.VersionLoggerListener.log Command line argument: -Djava.util.logging.manager=org.apache.juli.ClassLoaderLogManager
06-Oct-2017 11:09:01.799 INFO [main] org.apache.catalina.startup.VersionLoggerListener.log Command line argument: -Djava.util.logging.config.file=C:\tomcat\apache-tomcat-8.0.39\CAMBroker\conf\logging.properties
06-Oct-2017 11:09:01.799 INFO [main] org.apache.catalina.startup.VersionLoggerListener.log Command line argument: exit
06-Oct-2017 11:09:01.799 INFO [main] org.apache.catalina.startup.VersionLoggerListener.log Command line argument: -Xms128m
06-Oct-2017 11:09:01.799 INFO [main] org.apache.catalina.startup.VersionLoggerListener.log Command line argument: -Xmx256m
06-Oct-2017 11:09:01.799 INFO [main] org.apache.catalina.core.AprLifecycleListener.lifecycleEvent Loaded APR based Apache Tomcat Native library 1.2.10 using APR version 1.5.2.
06-Oct-2017 11:09:01.799 INFO [main] org.apache.catalina.core.AprLifecycleListener.lifecycleEvent APR capabilities: IPv6 [true], sendfile [true], accept filters [false], random [true].
06-Oct-2017 11:09:02.925 INFO [main] org.apache.catalina.core.AprLifecycleListener.initializeSSL OpenSSL successfully initialized (OpenSSL 1.0.2j  26 Sep 2016)
06-Oct-2017 11:09:04.610 INFO [main] org.apache.coyote.AbstractProtocol.init Initializing ProtocolHandler ["http-nio-8444"]
06-Oct-2017 11:09:07.035 INFO [main] org.apache.tomcat.util.net.NioSelectorPool.getSharedSelector Using a shared selector for servlet write/read
06-Oct-2017 11:09:07.047 INFO [main] org.apache.catalina.startup.Catalina.load Initialization processed in 8568 ms
06-Oct-2017 11:09:07.486 INFO [main] org.apache.catalina.core.StandardService.startInternal Starting service Catalina
06-Oct-2017 11:09:07.486 INFO [main] org.apache.catalina.core.StandardEngine.startInternal Starting Servlet Engine: Apache Tomcat/8.0.39
06-Oct-2017 11:09:07.782 INFO [localhost-startStop-1] org.apache.catalina.startup.HostConfig.deployWAR Deploying web application archive C:\tomcat\apache-tomcat-8.0.39\CAMBroker\webapps\pcoip-broker.war
06-Oct-2017 11:09:08.094 INFO [localhost-startStop-1] org.apache.catalina.startup.ExpandWar.expand An expanded directory [C:\tomcat\apache-tomcat-8.0.39\CAMBroker\webapps\pcoip-broker] was found with a last modified time that did not match the associated WAR. It will be deleted.
06-Oct-2017 11:09:42.808 INFO [localhost-startStop-1] org.apache.jasper.servlet.TldScanner.scanJars At least one JAR was scanned for TLDs yet contained no TLDs. Enable debug logging for this logger for a complete list of JARs that were scanned but no TLDs were found in them. Skipping unneeded JARs during scanning can improve startup time and JSP compilation time.
06-Oct-2017 11:09:57.074 INFO [localhost-startStop-1] org.apache.catalina.startup.HostConfig.deployWAR Deployment of web application archive C:\tomcat\apache-tomcat-8.0.39\CAMBroker\webapps\pcoip-broker.war has finished in 49,291 ms
06-Oct-2017 11:09:57.079 INFO [localhost-startStop-1] org.apache.catalina.startup.HostConfig.deployDirectory Deploying web application directory C:\tomcat\apache-tomcat-8.0.39\CAMBroker\webapps\docs
06-Oct-2017 11:09:57.254 INFO [localhost-startStop-1] org.apache.catalina.startup.HostConfig.deployDirectory Deployment of web application directory C:\tomcat\apache-tomcat-8.0.39\CAMBroker\webapps\docs has finished in 175 ms
06-Oct-2017 11:09:57.254 INFO [localhost-startStop-1] org.apache.catalina.startup.HostConfig.deployDirectory Deploying web application directory C:\tomcat\apache-tomcat-8.0.39\CAMBroker\webapps\examples
06-Oct-2017 11:10:02.012 INFO [localhost-startStop-1] org.apache.catalina.startup.HostConfig.deployDirectory Deployment of web application directory C:\tomcat\apache-tomcat-8.0.39\CAMBroker\webapps\examples has finished in 4,758 ms
06-Oct-2017 11:10:02.012 INFO [localhost-startStop-1] org.apache.catalina.startup.HostConfig.deployDirectory Deploying web application directory C:\tomcat\apache-tomcat-8.0.39\CAMBroker\webapps\host-manager
06-Oct-2017 11:10:02.798 INFO [localhost-startStop-1] org.apache.catalina.startup.HostConfig.deployDirectory Deployment of web application directory C:\tomcat\apache-tomcat-8.0.39\CAMBroker\webapps\host-manager has finished in 786 ms
06-Oct-2017 11:10:02.798 INFO [localhost-startStop-1] org.apache.catalina.startup.HostConfig.deployDirectory Deploying web application directory C:\tomcat\apache-tomcat-8.0.39\CAMBroker\webapps\manager
06-Oct-2017 11:10:02.944 INFO [localhost-startStop-1] org.apache.catalina.startup.HostConfig.deployDirectory Deployment of web application directory C:\tomcat\apache-tomcat-8.0.39\CAMBroker\webapps\manager has finished in 146 ms
06-Oct-2017 11:10:02.956 INFO [localhost-startStop-1] org.apache.catalina.startup.HostConfig.deployDirectory Deploying web application directory C:\tomcat\apache-tomcat-8.0.39\CAMBroker\webapps\ROOT
06-Oct-2017 11:10:03.114 INFO [localhost-startStop-1] org.apache.catalina.startup.HostConfig.deployDirectory Deployment of web application directory C:\tomcat\apache-tomcat-8.0.39\CAMBroker\webapps\ROOT has finished in 158 ms
06-Oct-2017 11:10:03.149 INFO [main] org.apache.coyote.AbstractProtocol.start Starting ProtocolHandler ["http-nio-8444"]
06-Oct-2017 11:10:03.161 INFO [main] org.apache.catalina.startup.Catalina.start Server startup in 56271 ms
